<?xml version="1.0" encoding="UTF-8"?>
<testsuite name="com.project.backend.BackendApplicationTests" tests="1" skipped="0" failures="0" errors="0" timestamp="2024-04-25T05:13:41" hostname="DESKTOP-F632K0P" time="0.506">
  <properties/>
  <testcase name="contextLoads()" classname="com.project.backend.BackendApplicationTests" time="0.506"/>
  <system-out><![CDATA[14:13:36.702 [Test worker] DEBUG org.springframework.boot.test.context.SpringBootTestContextBootstrapper - Neither @ContextConfiguration nor @ContextHierarchy found for test class [BackendApplicationTests]: using SpringBootContextLoader
14:13:36.708 [Test worker] DEBUG org.springframework.test.context.support.AbstractContextLoader - Could not detect default resource locations for test class [com.project.backend.BackendApplicationTests]: no resource found for suffixes {-context.xml, Context.groovy}.
14:13:36.709 [Test worker] INFO org.springframework.test.context.support.AnnotationConfigContextLoaderUtils - Could not detect default configuration classes for test class [com.project.backend.BackendApplicationTests]: BackendApplicationTests does not declare any static, non-private, non-final, nested classes annotated with @Configuration.
14:13:36.740 [Test worker] DEBUG org.springframework.boot.test.context.SpringBootTestContextBootstrapper - Using ContextCustomizers for test class [BackendApplicationTests]: [DisableObservabilityContextCustomizer, PropertyMappingContextCustomizer, Customizer, ExcludeFilterContextCustomizer, DuplicateJsonObjectContextCustomizer, MockitoContextCustomizer, TestRestTemplateContextCustomizer]
14:13:36.820 [Test worker] DEBUG org.springframework.context.annotation.ClassPathScanningCandidateComponentProvider - Identified candidate component class: file [C:\Users\TECH3-12\Desktop\Donkey_final\Payment\backend\build\classes\java\main\com\project\backend\BackendApplication.class]
14:13:36.823 [Test worker] INFO org.springframework.boot.test.context.SpringBootTestContextBootstrapper - Found @SpringBootConfiguration com.project.backend.BackendApplication for test class com.project.backend.BackendApplicationTests
14:13:36.970 [Test worker] DEBUG org.springframework.boot.test.context.SpringBootTestContextBootstrapper - Using TestExecutionListeners for test class [BackendApplicationTests]: [ServletTestExecutionListener, DirtiesContextBeforeModesTestExecutionListener, ApplicationEventsTestExecutionListener, MockitoTestExecutionListener, DependencyInjectionTestExecutionListener, DirtiesContextTestExecutionListener, TransactionalTestExecutionListener, SqlScriptsTestExecutionListener, EventPublishingTestExecutionListener, RestDocsTestExecutionListener, MockRestServiceServerResetTestExecutionListener, MockMvcPrintOnlyOnFailureTestExecutionListener, WebDriverTestExecutionListener, MockWebServiceServerTestExecutionListener, ResetMocksTestExecutionListener]
14:13:36.972 [Test worker] DEBUG org.springframework.test.context.support.AbstractDirtiesContextTestExecutionListener - Before test class: class [BackendApplicationTests], class annotated with @DirtiesContext [false] with mode [null]

  .   ____          _            __ _ _
 /\\ / ___'_ __ _ _(_)_ __  __ _ \ \ \ \
( ( )\___ | '_ | '_| | '_ \/ _` | \ \ \ \
 \\/  ___)| |_)| | | | | || (_| |  ) ) ) )
  '  |____| .__|_| |_|_| |_\__, | / / / /
 =========|_|==============|___/=/_/_/_/
 :: Spring Boot ::                (v3.0.4)

2024-04-25T14:13:37.345+09:00  INFO 7812 --- [    Test worker] c.p.backend.BackendApplicationTests      : Starting BackendApplicationTests using Java 17.0.10 with PID 7812 (started by TECH3-12 in C:\Users\TECH3-12\Desktop\Donkey_final\Payment\backend)
2024-04-25T14:13:37.347+09:00  INFO 7812 --- [    Test worker] c.p.backend.BackendApplicationTests      : No active profile set, falling back to 1 default profile: "default"
2024-04-25T14:13:38.359+09:00  INFO 7812 --- [    Test worker] .s.d.r.c.RepositoryConfigurationDelegate : Multiple Spring Data modules found, entering strict repository configuration mode
2024-04-25T14:13:38.362+09:00  INFO 7812 --- [    Test worker] .s.d.r.c.RepositoryConfigurationDelegate : Bootstrapping Spring Data JDBC repositories in DEFAULT mode.
2024-04-25T14:13:38.378+09:00  INFO 7812 --- [    Test worker] .s.d.r.c.RepositoryConfigurationDelegate : Finished Spring Data repository scanning in 9 ms. Found 0 JDBC repository interfaces.
2024-04-25T14:13:38.396+09:00  INFO 7812 --- [    Test worker] .s.d.r.c.RepositoryConfigurationDelegate : Multiple Spring Data modules found, entering strict repository configuration mode
2024-04-25T14:13:38.397+09:00  INFO 7812 --- [    Test worker] .s.d.r.c.RepositoryConfigurationDelegate : Bootstrapping Spring Data Redis repositories in DEFAULT mode.
2024-04-25T14:13:38.412+09:00  INFO 7812 --- [    Test worker] .s.d.r.c.RepositoryConfigurationDelegate : Finished Spring Data repository scanning in 3 ms. Found 0 Redis repository interfaces.
2024-04-25T14:13:38.451+09:00  WARN 7812 --- [    Test worker] ocalVariableTableParameterNameDiscoverer : Using deprecated '-debug' fallback for parameter name resolution. Compile the affected code with '-parameters' instead or avoid its introspection: org.springframework.session.config.annotation.web.http.SpringHttpSessionConfiguration
2024-04-25T14:13:38.763+09:00  INFO 7812 --- [    Test worker] ptablePropertiesBeanFactoryPostProcessor : Post-processing PropertySource instances
2024-04-25T14:13:38.764+09:00  INFO 7812 --- [    Test worker] c.u.j.EncryptablePropertySourceConverter : Skipping PropertySource configurationProperties [class org.springframework.boot.context.properties.source.ConfigurationPropertySourcesPropertySource
2024-04-25T14:13:38.768+09:00  INFO 7812 --- [    Test worker] c.u.j.EncryptablePropertySourceConverter : Converting PropertySource test [org.springframework.core.env.MapPropertySource] to EncryptableMapPropertySourceWrapper
2024-04-25T14:13:38.768+09:00  INFO 7812 --- [    Test worker] c.u.j.EncryptablePropertySourceConverter : Converting PropertySource Inlined Test Properties [org.springframework.core.env.MapPropertySource] to EncryptableMapPropertySourceWrapper
2024-04-25T14:13:38.769+09:00  INFO 7812 --- [    Test worker] c.u.j.EncryptablePropertySourceConverter : Skipping PropertySource servletConfigInitParams [class org.springframework.core.env.PropertySource$StubPropertySource
2024-04-25T14:13:38.769+09:00  INFO 7812 --- [    Test worker] c.u.j.EncryptablePropertySourceConverter : Converting PropertySource servletContextInitParams [org.springframework.web.context.support.ServletContextPropertySource] to EncryptableEnumerablePropertySourceWrapper
2024-04-25T14:13:38.769+09:00  INFO 7812 --- [    Test worker] c.u.j.EncryptablePropertySourceConverter : Converting PropertySource systemProperties [org.springframework.core.env.PropertiesPropertySource] to EncryptableMapPropertySourceWrapper
2024-04-25T14:13:38.770+09:00  INFO 7812 --- [    Test worker] c.u.j.EncryptablePropertySourceConverter : Converting PropertySource systemEnvironment [org.springframework.boot.env.SystemEnvironmentPropertySourceEnvironmentPostProcessor$OriginAwareSystemEnvironmentPropertySource] to EncryptableSystemEnvironmentPropertySourceWrapper
2024-04-25T14:13:38.770+09:00  INFO 7812 --- [    Test worker] c.u.j.EncryptablePropertySourceConverter : Converting PropertySource random [org.springframework.boot.env.RandomValuePropertySource] to EncryptablePropertySourceWrapper
2024-04-25T14:13:38.770+09:00  INFO 7812 --- [    Test worker] c.u.j.EncryptablePropertySourceConverter : Converting PropertySource Config resource 'class path resource [application.properties]' via location 'optional:classpath:/' [org.springframework.boot.env.OriginTrackedMapPropertySource] to EncryptableMapPropertySourceWrapper
2024-04-25T14:13:38.833+09:00  INFO 7812 --- [    Test worker] trationDelegate$BeanPostProcessorChecker : Bean 'org.springframework.ws.config.annotation.DelegatingWsConfiguration' of type [org.springframework.ws.config.annotation.DelegatingWsConfiguration$$SpringCGLIB$$0] is not eligible for getting processed by all BeanPostProcessors (for example: not eligible for auto-proxying)
2024-04-25T14:13:38.872+09:00  INFO 7812 --- [    Test worker] .w.s.a.s.AnnotationActionEndpointMapping : Supporting [WS-Addressing August 2004, WS-Addressing 1.0]
2024-04-25T14:13:39.075+09:00  INFO 7812 --- [    Test worker] c.u.j.filter.DefaultLazyPropertyFilter   : Property Filter custom Bean not found with name 'encryptablePropertyFilter'. Initializing Default Property Filter
2024-04-25T14:13:39.089+09:00  INFO 7812 --- [    Test worker] c.u.j.r.DefaultLazyPropertyResolver      : Property Resolver custom Bean not found with name 'encryptablePropertyResolver'. Initializing Default Property Resolver
2024-04-25T14:13:39.092+09:00  INFO 7812 --- [    Test worker] c.u.j.d.DefaultLazyPropertyDetector      : Property Detector custom Bean not found with name 'encryptablePropertyDetector'. Initializing Default Property Detector
2024-04-25T14:13:39.114+09:00  INFO 7812 --- [    Test worker] c.u.j.encryptor.DefaultLazyEncryptor     : Found Custom Encryptor Bean org.jasypt.encryption.pbe.PooledPBEStringEncryptor@2a0ea492 with name: jasyptStringEncryptor
2024-04-25T14:13:40.565+09:00  INFO 7812 --- [    Test worker] com.zaxxer.hikari.HikariDataSource       : HikariPool-1 - Starting...
2024-04-25T14:13:40.779+09:00  INFO 7812 --- [    Test worker] com.zaxxer.hikari.pool.HikariPool        : HikariPool-1 - Added connection org.mariadb.jdbc.Connection@29bd2796
2024-04-25T14:13:40.781+09:00  INFO 7812 --- [    Test worker] com.zaxxer.hikari.HikariDataSource       : HikariPool-1 - Start completed.
2024-04-25T14:13:41.055+09:00  INFO 7812 --- [    Test worker] c.p.backend.BackendApplicationTests      : Started BackendApplicationTests in 4.024 seconds (process running for 5.464)
]]></system-out>
  <system-err><![CDATA[]]></system-err>
</testsuite>
